
ROM used:   3189/8192 (39%)
            3210/8192 (39%) including unused fragments

            1.2 Average locations per line
            5.6 Average locations per statement

RAM used:   87/368 (24%) at main() level
            137/368 (37%) worst case

Stack used: 1 worst case (0 in main + 1 for interrupts)
Stack size: 8

Lines Stmts  %   Files
----- ----- ---  -----
  137    78  14  main.c
  708     0   0  ..\..\..\..\Program Files (x86)\PICC\Devices\16F877A.h
 1354   359  63  ..\..\..\..\Program Files (x86)\PICC\Drivers\stdlib.h
   32     0   0  ..\..\..\..\Program Files (x86)\PICC\Drivers\stddef.h
  435   129  23  ..\..\..\..\Program Files (x86)\PICC\Drivers\string.h
   28     0   0  ..\..\..\..\Program Files (x86)\PICC\Drivers\ctype.h
----- -----
 2694   566 Total

Page ROM  %  RAM    Vol Diff  Functions:
---- --- --- ---    --- ----  ----------
 Inline         6             @MULS1616
0    119   4   13             @MULFF
0     31   1    2             @ITOF
0    326  10   16             @ADDFF
 Inline        14             @DIVFF
0    304  10   12   1817 10.4  atol
0     20   1    1             @delay_ms1
0      7   0    0     13  1.0  external_interrupt
0    417  13    6    230  4.7  tmr_int
0     33   1    4             @SFTOI
0     48   2    5             @SDTOF
0     33   1    5             @FTOSD
1    903  28    5   2488  9.7  MAIN
0     11   0    0             @MEMSET
0     39   1    2             @SITOF
0      9   0    0             @const1011
0     86   3    5             @PSTRINGCN7_9600_62_63
0    118   4    9             @PRINTF_LD_9600_62_63
0     12   0    0             @const1016
0     13   0    0             @const1017
0      4   0    0             @const1018
0     81   3   13             @DIV3232
1    259   8   21             @PRINTF_L32D_9600_62_63FPFPF
0      5   0    0             @const1025
0      4   0    0             @const1026
0     21   1    3             @DIV88
0     93   3    6             @PRINTF_D_9600_62_63
0     10   0    0             @const1033
0      8   0    0             @const1034
0     89   3    4             @PSTRINGC7_9600_62_63
 Inline         0             @cinit1

Program metrics:
    Functions               4
    Statements              566
    Comments                898
    Volume (V)              5492
    Difficulty (D)          24.8
    Effort to implement (E) 136082
    Time to implement (T)   2 hours, 6 minutes
    Est Delivered Bugs (B)  1
    Cyclomatic Complexity   18
    Maintainability (MI)    5

 Segment     Used  Free
-----------  ----  ----
00000-00003     4  0  
00004-00055    82  0  
00056-007FF  1941  21  
00800-00FFF  1162  886  
01000-017FF     0  2048  
01800-01FFF     0  2048  



